Analysis & Synthesis report for quid
Sat May 25 13:29:16 2019
Quartus II 64-Bit Version 13.1.0 Build 162 10/23/2013 SJ Web Edition


---------------------
; Table of Contents ;
---------------------
  1. Legal Notice
  2. Analysis & Synthesis Summary
  3. Analysis & Synthesis Settings
  4. Parallel Compilation
  5. Analysis & Synthesis Source Files Read
  6. Analysis & Synthesis Resource Usage Summary
  7. Analysis & Synthesis Resource Utilization by Entity
  8. Analysis & Synthesis DSP Block Usage Summary
  9. Registers Removed During Synthesis
 10. General Register Statistics
 11. Inverted Register Statistics
 12. Multiplexer Restructuring Statistics (Restructuring Performed)
 13. Parameter Settings for User Entity Instance: flip:m_flip
 14. Elapsed Time Per Partition
 15. Analysis & Synthesis Messages
 16. Analysis & Synthesis Suppressed Messages



----------------
; Legal Notice ;
----------------
Copyright (C) 1991-2013 Altera Corporation
Your use of Altera Corporation's design tools, logic functions 
and other software and tools, and its AMPP partner logic 
functions, and any output files from any of the foregoing 
(including device programming or simulation files), and any 
associated documentation or information are expressly subject 
to the terms and conditions of the Altera Program License 
Subscription Agreement, Altera MegaCore Function License 
Agreement, or other applicable license agreement, including, 
without limitation, that your use is for the sole purpose of 
programming logic devices manufactured by Altera and sold by 
Altera or its authorized distributors.  Please refer to the 
applicable agreement for further details.



+------------------------------------------------------------------------------+
; Analysis & Synthesis Summary                                                 ;
+---------------------------------+--------------------------------------------+
; Analysis & Synthesis Status     ; Successful - Sat May 25 13:29:16 2019      ;
; Quartus II 64-Bit Version       ; 13.1.0 Build 162 10/23/2013 SJ Web Edition ;
; Revision Name                   ; quid                                       ;
; Top-level Entity Name           ; quid                                       ;
; Family                          ; Cyclone V                                  ;
; Logic utilization (in ALMs)     ; N/A                                        ;
; Total registers                 ; 156                                        ;
; Total pins                      ; 31                                         ;
; Total virtual pins              ; 0                                          ;
; Total block memory bits         ; 0                                          ;
; Total DSP Blocks                ; 16                                         ;
; Total HSSI RX PCSs              ; 0                                          ;
; Total HSSI PMA RX Deserializers ; 0                                          ;
; Total HSSI TX PCSs              ; 0                                          ;
; Total HSSI TX Channels          ; 0                                          ;
; Total PLLs                      ; 0                                          ;
; Total DLLs                      ; 0                                          ;
+---------------------------------+--------------------------------------------+


+---------------------------------------------------------------------------------------------------------------------------+
; Analysis & Synthesis Settings                                                                                             ;
+---------------------------------------------------------------------------------+--------------------+--------------------+
; Option                                                                          ; Setting            ; Default Value      ;
+---------------------------------------------------------------------------------+--------------------+--------------------+
; Device                                                                          ; 5CSEMA5F31C6       ;                    ;
; Top-level entity name                                                           ; quid               ; quid               ;
; Family name                                                                     ; Cyclone V          ; Cyclone IV GX      ;
; Use smart compilation                                                           ; Off                ; Off                ;
; Enable parallel Assembler and TimeQuest Timing Analyzer during compilation      ; On                 ; On                 ;
; Enable compact report table                                                     ; Off                ; Off                ;
; Restructure Multiplexers                                                        ; Auto               ; Auto               ;
; MLAB Add Timing Constraints For Mixed-Port Feed-Through Mode Setting Don't Care ; Off                ; Off                ;
; Create Debugging Nodes for IP Cores                                             ; Off                ; Off                ;
; Preserve fewer node names                                                       ; On                 ; On                 ;
; Disable OpenCore Plus hardware evaluation                                       ; Off                ; Off                ;
; Verilog Version                                                                 ; Verilog_2001       ; Verilog_2001       ;
; VHDL Version                                                                    ; VHDL_1993          ; VHDL_1993          ;
; State Machine Processing                                                        ; Auto               ; Auto               ;
; Safe State Machine                                                              ; Off                ; Off                ;
; Extract Verilog State Machines                                                  ; On                 ; On                 ;
; Extract VHDL State Machines                                                     ; On                 ; On                 ;
; Ignore Verilog initial constructs                                               ; Off                ; Off                ;
; Iteration limit for constant Verilog loops                                      ; 5000               ; 5000               ;
; Iteration limit for non-constant Verilog loops                                  ; 250                ; 250                ;
; Add Pass-Through Logic to Inferred RAMs                                         ; On                 ; On                 ;
; Infer RAMs from Raw Logic                                                       ; On                 ; On                 ;
; Parallel Synthesis                                                              ; On                 ; On                 ;
; DSP Block Balancing                                                             ; Auto               ; Auto               ;
; NOT Gate Push-Back                                                              ; On                 ; On                 ;
; Power-Up Don't Care                                                             ; On                 ; On                 ;
; Remove Redundant Logic Cells                                                    ; Off                ; Off                ;
; Remove Duplicate Registers                                                      ; On                 ; On                 ;
; Ignore CARRY Buffers                                                            ; Off                ; Off                ;
; Ignore CASCADE Buffers                                                          ; Off                ; Off                ;
; Ignore GLOBAL Buffers                                                           ; Off                ; Off                ;
; Ignore ROW GLOBAL Buffers                                                       ; Off                ; Off                ;
; Ignore LCELL Buffers                                                            ; Off                ; Off                ;
; Ignore SOFT Buffers                                                             ; On                 ; On                 ;
; Limit AHDL Integers to 32 Bits                                                  ; Off                ; Off                ;
; Optimization Technique                                                          ; Balanced           ; Balanced           ;
; Carry Chain Length                                                              ; 70                 ; 70                 ;
; Auto Carry Chains                                                               ; On                 ; On                 ;
; Auto Open-Drain Pins                                                            ; On                 ; On                 ;
; Perform WYSIWYG Primitive Resynthesis                                           ; Off                ; Off                ;
; Auto ROM Replacement                                                            ; On                 ; On                 ;
; Auto RAM Replacement                                                            ; On                 ; On                 ;
; Auto DSP Block Replacement                                                      ; On                 ; On                 ;
; Auto Shift Register Replacement                                                 ; Auto               ; Auto               ;
; Allow Shift Register Merging across Hierarchies                                 ; Auto               ; Auto               ;
; Auto Clock Enable Replacement                                                   ; On                 ; On                 ;
; Strict RAM Replacement                                                          ; Off                ; Off                ;
; Allow Synchronous Control Signals                                               ; On                 ; On                 ;
; Force Use of Synchronous Clear Signals                                          ; Off                ; Off                ;
; Auto Resource Sharing                                                           ; Off                ; Off                ;
; Allow Any RAM Size For Recognition                                              ; Off                ; Off                ;
; Allow Any ROM Size For Recognition                                              ; Off                ; Off                ;
; Allow Any Shift Register Size For Recognition                                   ; Off                ; Off                ;
; Use LogicLock Constraints during Resource Balancing                             ; On                 ; On                 ;
; Ignore translate_off and synthesis_off directives                               ; Off                ; Off                ;
; Timing-Driven Synthesis                                                         ; On                 ; On                 ;
; Report Parameter Settings                                                       ; On                 ; On                 ;
; Report Source Assignments                                                       ; On                 ; On                 ;
; Report Connectivity Checks                                                      ; On                 ; On                 ;
; Ignore Maximum Fan-Out Assignments                                              ; Off                ; Off                ;
; Synchronization Register Chain Length                                           ; 3                  ; 3                  ;
; PowerPlay Power Optimization                                                    ; Normal compilation ; Normal compilation ;
; HDL message level                                                               ; Level2             ; Level2             ;
; Suppress Register Optimization Related Messages                                 ; Off                ; Off                ;
; Number of Removed Registers Reported in Synthesis Report                        ; 5000               ; 5000               ;
; Number of Swept Nodes Reported in Synthesis Report                              ; 5000               ; 5000               ;
; Number of Inverted Registers Reported in Synthesis Report                       ; 100                ; 100                ;
; Clock MUX Protection                                                            ; On                 ; On                 ;
; Auto Gated Clock Conversion                                                     ; Off                ; Off                ;
; Block Design Naming                                                             ; Auto               ; Auto               ;
; SDC constraint protection                                                       ; Off                ; Off                ;
; Synthesis Effort                                                                ; Auto               ; Auto               ;
; Shift Register Replacement - Allow Asynchronous Clear Signal                    ; On                 ; On                 ;
; Pre-Mapping Resynthesis Optimization                                            ; Off                ; Off                ;
; Analysis & Synthesis Message Level                                              ; Medium             ; Medium             ;
; Disable Register Merging Across Hierarchies                                     ; Auto               ; Auto               ;
; Resource Aware Inference For Block RAM                                          ; On                 ; On                 ;
; Synthesis Seed                                                                  ; 1                  ; 1                  ;
; Automatic Parallel Synthesis                                                    ; On                 ; On                 ;
+---------------------------------------------------------------------------------+--------------------+--------------------+


Parallel compilation was disabled, but you have multiple processors available. Enable parallel compilation to reduce compilation time.
+-------------------------------------+
; Parallel Compilation                ;
+----------------------------+--------+
; Processors                 ; Number ;
+----------------------------+--------+
; Number detected on machine ; 4      ;
; Maximum allowed            ; 1      ;
+----------------------------+--------+


+--------------------------------------------------------------------------------------------------------------------------------------------------------------------+
; Analysis & Synthesis Source Files Read                                                                                                                             ;
+----------------------------------+-----------------+------------------------+----------------------------------------------------------------------------+---------+
; File Name with User-Entered Path ; Used in Netlist ; File Type              ; File Name with Absolute Path                                               ; Library ;
+----------------------------------+-----------------+------------------------+----------------------------------------------------------------------------+---------+
; quid.v                           ; yes             ; User Verilog HDL File  ; C:/Users/gokhanhalkman/Desktop/quid_modified/quid.v                        ;         ;
; output_files/vga_initialize.v    ; yes             ; User Verilog HDL File  ; C:/Users/gokhanhalkman/Desktop/quid_modified/output_files/vga_initialize.v ;         ;
; output_files/flip.v              ; yes             ; User Verilog HDL File  ; C:/Users/gokhanhalkman/Desktop/quid_modified/output_files/flip.v           ;         ;
+----------------------------------+-----------------+------------------------+----------------------------------------------------------------------------+---------+


+---------------------------------------------------------+
; Analysis & Synthesis Resource Usage Summary             ;
+---------------------------------------------+-----------+
; Resource                                    ; Usage     ;
+---------------------------------------------+-----------+
; Estimate of Logic utilization (ALMs needed) ; 656       ;
;                                             ;           ;
; Combinational ALUT usage for logic          ; 1159      ;
;     -- 7 input functions                    ; 0         ;
;     -- 6 input functions                    ; 151       ;
;     -- 5 input functions                    ; 97        ;
;     -- 4 input functions                    ; 143       ;
;     -- <=3 input functions                  ; 768       ;
;                                             ;           ;
; Dedicated logic registers                   ; 156       ;
;                                             ;           ;
; I/O pins                                    ; 31        ;
; Total DSP Blocks                            ; 16        ;
; Maximum fan-out node                        ; clk~input ;
; Maximum fan-out                             ; 156       ;
; Total fan-out                               ; 4631      ;
; Average fan-out                             ; 3.32      ;
+---------------------------------------------+-----------+


+-------------------------------------------------------------------------------------------------------------------------------------------------------------------------------------+
; Analysis & Synthesis Resource Utilization by Entity                                                                                                                                 ;
+-------------------------------------+-------------------+--------------+-------------------+------------+------+--------------+--------------------------------------+--------------+
; Compilation Hierarchy Node          ; LC Combinationals ; LC Registers ; Block Memory Bits ; DSP Blocks ; Pins ; Virtual Pins ; Full Hierarchy Name                  ; Library Name ;
+-------------------------------------+-------------------+--------------+-------------------+------------+------+--------------+--------------------------------------+--------------+
; |quid                               ; 1159 (823)        ; 156 (33)     ; 0                 ; 16         ; 31   ; 0            ; |quid                                ; work         ;
;    |flip:m_flip|                    ; 251 (251)         ; 97 (97)      ; 0                 ; 0          ; 0    ; 0            ; |quid|flip:m_flip                    ; work         ;
;    |vga_initialize:mvga_initialize| ; 85 (85)           ; 26 (26)      ; 0                 ; 0          ; 0    ; 0            ; |quid|vga_initialize:mvga_initialize ; work         ;
+-------------------------------------+-------------------+--------------+-------------------+------------+------+--------------+--------------------------------------+--------------+
Note: For table entries with two numbers listed, the numbers in parentheses indicate the number of resources of the given type used by the specific entity alone. The numbers listed outside of parentheses indicate the total resources of the given type used by the specific entity and all of its sub-entities in the hierarchy.


+-----------------------------------------------------------------------------+
; Analysis & Synthesis DSP Block Usage Summary                                ;
+---------------------+-------------+---------------------+-------------------+
; Statistic           ; Number Used ; Available per Block ; Maximum Available ;
+---------------------+-------------+---------------------+-------------------+
; Independent 18x18   ; 8           ; 2.00                ; --                ;
; Sum of two 18x18    ; 8           ; 1.00                ; --                ;
; DSP Block           ; 16          ; --                  ; --                ;
; DSP 18-bit Element  ; 24          ; 2.00                ; --                ;
; Unsigned Multiplier ; 24          ; --                  ; --                ;
+---------------------+-------------+---------------------+-------------------+


+-------------------------------------------------------------------------------------------+
; Registers Removed During Synthesis                                                        ;
+--------------------------------------------------+----------------------------------------+
; Register name                                    ; Reason for Removal                     ;
+--------------------------------------------------+----------------------------------------+
; vga_initialize:mvga_initialize|clk_enable[1..31] ; Stuck at GND due to stuck port data_in ;
; vga_initialize:mvga_initialize|clk_counter[31]   ; Merged with c_counter[31]              ;
; vga_initialize:mvga_initialize|clk_counter[30]   ; Merged with c_counter[30]              ;
; vga_initialize:mvga_initialize|clk_counter[29]   ; Merged with c_counter[29]              ;
; vga_initialize:mvga_initialize|clk_counter[28]   ; Merged with c_counter[28]              ;
; vga_initialize:mvga_initialize|clk_counter[27]   ; Merged with c_counter[27]              ;
; vga_initialize:mvga_initialize|clk_counter[26]   ; Merged with c_counter[26]              ;
; vga_initialize:mvga_initialize|clk_counter[25]   ; Merged with c_counter[25]              ;
; vga_initialize:mvga_initialize|clk_counter[24]   ; Merged with c_counter[24]              ;
; vga_initialize:mvga_initialize|clk_counter[23]   ; Merged with c_counter[23]              ;
; vga_initialize:mvga_initialize|clk_counter[22]   ; Merged with c_counter[22]              ;
; vga_initialize:mvga_initialize|clk_counter[21]   ; Merged with c_counter[21]              ;
; vga_initialize:mvga_initialize|clk_counter[20]   ; Merged with c_counter[20]              ;
; vga_initialize:mvga_initialize|clk_counter[19]   ; Merged with c_counter[19]              ;
; vga_initialize:mvga_initialize|clk_counter[18]   ; Merged with c_counter[18]              ;
; vga_initialize:mvga_initialize|clk_counter[17]   ; Merged with c_counter[17]              ;
; vga_initialize:mvga_initialize|clk_counter[16]   ; Merged with c_counter[16]              ;
; vga_initialize:mvga_initialize|clk_counter[15]   ; Merged with c_counter[15]              ;
; vga_initialize:mvga_initialize|clk_counter[14]   ; Merged with c_counter[14]              ;
; vga_initialize:mvga_initialize|clk_counter[13]   ; Merged with c_counter[13]              ;
; vga_initialize:mvga_initialize|clk_counter[12]   ; Merged with c_counter[12]              ;
; vga_initialize:mvga_initialize|clk_counter[11]   ; Merged with c_counter[11]              ;
; vga_initialize:mvga_initialize|clk_counter[10]   ; Merged with c_counter[10]              ;
; vga_initialize:mvga_initialize|clk_counter[9]    ; Merged with c_counter[9]               ;
; vga_initialize:mvga_initialize|clk_counter[8]    ; Merged with c_counter[8]               ;
; vga_initialize:mvga_initialize|clk_counter[7]    ; Merged with c_counter[7]               ;
; vga_initialize:mvga_initialize|clk_counter[6]    ; Merged with c_counter[6]               ;
; vga_initialize:mvga_initialize|clk_counter[5]    ; Merged with c_counter[5]               ;
; vga_initialize:mvga_initialize|clk_counter[4]    ; Merged with c_counter[4]               ;
; vga_initialize:mvga_initialize|clk_counter[3]    ; Merged with c_counter[3]               ;
; vga_initialize:mvga_initialize|clk_counter[2]    ; Merged with c_counter[2]               ;
; vga_initialize:mvga_initialize|clk_counter[1]    ; Merged with c_counter[1]               ;
; vga_initialize:mvga_initialize|clk_counter[0]    ; Merged with c_counter[0]               ;
; Total Number of Removed Registers = 63           ;                                        ;
+--------------------------------------------------+----------------------------------------+


+------------------------------------------------------+
; General Register Statistics                          ;
+----------------------------------------------+-------+
; Statistic                                    ; Value ;
+----------------------------------------------+-------+
; Total registers                              ; 156   ;
; Number of registers using Synchronous Clear  ; 146   ;
; Number of registers using Synchronous Load   ; 0     ;
; Number of registers using Asynchronous Clear ; 0     ;
; Number of registers using Asynchronous Load  ; 0     ;
; Number of registers using Clock Enable       ; 86    ;
; Number of registers using Preset             ; 0     ;
+----------------------------------------------+-------+


+--------------------------------------------------+
; Inverted Register Statistics                     ;
+----------------------------------------+---------+
; Inverted Register                      ; Fan out ;
+----------------------------------------+---------+
; flip:m_flip|current_point_right[1]     ; 4       ;
; flip:m_flip|current_point_right[5]     ; 4       ;
; flip:m_flip|current_point_right[8]     ; 5       ;
; flip:m_flip|current_point_left[1]      ; 4       ;
; flip:m_flip|current_point_left[5]      ; 4       ;
; flip:m_flip|current_point_left[8]      ; 5       ;
; Total number of inverted registers = 6 ;         ;
+----------------------------------------+---------+


+---------------------------------------------------------------------------------------------------------------------------------------------------------+
; Multiplexer Restructuring Statistics (Restructuring Performed)                                                                                          ;
+--------------------+-----------+---------------+----------------------+------------------------+------------+-------------------------------------------+
; Multiplexer Inputs ; Bus Width ; Baseline Area ; Area if Restructured ; Saving if Restructured ; Registered ; Example Multiplexer Output                ;
+--------------------+-----------+---------------+----------------------+------------------------+------------+-------------------------------------------+
; 4:1                ; 29 bits   ; 58 LEs        ; 29 LEs               ; 29 LEs                 ; Yes        ; |quid|flip:m_flip|current_point_left[30]  ;
; 4:1                ; 29 bits   ; 58 LEs        ; 29 LEs               ; 29 LEs                 ; Yes        ; |quid|flip:m_flip|current_point_right[12] ;
; 4:1                ; 3 bits    ; 6 LEs         ; 6 LEs                ; 0 LEs                  ; Yes        ; |quid|flip:m_flip|current_point_left[5]   ;
; 4:1                ; 3 bits    ; 6 LEs         ; 6 LEs                ; 0 LEs                  ; Yes        ; |quid|flip:m_flip|current_point_right[8]  ;
+--------------------+-----------+---------------+----------------------+------------------------+------------+-------------------------------------------+


+--------------------------------------------------------------+
; Parameter Settings for User Entity Instance: flip:m_flip     ;
+-----------------------------------+---------+----------------+
; Parameter Name                    ; Value   ; Type           ;
+-----------------------------------+---------+----------------+
; initial_left_flip_mobile_point_y  ; 290     ; Signed Integer ;
; initial_right_flip_mobile_point_y ; 290     ; Signed Integer ;
; min_left_flip_mobile_point_y      ; 270     ; Signed Integer ;
; min_right_flip_mobile_point_y     ; 270     ; Signed Integer ;
; flip_velocity                     ; 1999999 ; Signed Integer ;
+-----------------------------------+---------+----------------+
Note: In order to hide this table in the UI and the text report file, please set the "Show Parameter Settings in Synthesis Report" option in "Analysis and Synthesis Settings -> More Settings" to "Off".


+-------------------------------+
; Elapsed Time Per Partition    ;
+----------------+--------------+
; Partition Name ; Elapsed Time ;
+----------------+--------------+
; Top            ; 00:00:03     ;
+----------------+--------------+


+-------------------------------+
; Analysis & Synthesis Messages ;
+-------------------------------+
Info: *******************************************************************
Info: Running Quartus II 64-Bit Analysis & Synthesis
    Info: Version 13.1.0 Build 162 10/23/2013 SJ Web Edition
    Info: Processing started: Sat May 25 13:29:11 2019
Info: Command: quartus_map --read_settings_files=on --write_settings_files=off quid -c quid
Warning (20028): Parallel compilation is not licensed and has been disabled
Info (12021): Found 1 design units, including 1 entities, in source file quid.v
    Info (12023): Found entity 1: quid
Info (12021): Found 1 design units, including 1 entities, in source file vga_horizontal.v
    Info (12023): Found entity 1: vga_horizontal
Info (12021): Found 1 design units, including 1 entities, in source file vga_vertical.v
    Info (12023): Found entity 1: vga_vertical
Info (12021): Found 1 design units, including 1 entities, in source file output_files/vga_initialize.v
    Info (12023): Found entity 1: vga_initialize
Info (12021): Found 1 design units, including 1 entities, in source file output_files/random_target_initialization.v
    Info (12023): Found entity 1: random_target_initialization
Warning (10259): Verilog HDL error at ball.v(123): constant value overflow
Warning (10259): Verilog HDL error at ball.v(127): constant value overflow
Info (12021): Found 1 design units, including 1 entities, in source file output_files/ball.v
    Info (12023): Found entity 1: ball
Info (12021): Found 1 design units, including 1 entities, in source file output_files/flip.v
    Info (12023): Found entity 1: flip
Warning (10236): Verilog HDL Implicit Net warning at quid.v(91): created implicit net for "red_circle_a"
Warning (10236): Verilog HDL Implicit Net warning at quid.v(93): created implicit net for "green_circle_a"
Warning (10236): Verilog HDL Implicit Net warning at quid.v(95): created implicit net for "purple_hexagon_a"
Info (12127): Elaborating entity "quid" for the top level hierarchy
Warning (10036): Verilog HDL or VHDL warning at quid.v(138): object "flip_lenght" assigned a value but never read
Warning (10230): Verilog HDL assignment warning at quid.v(43): truncated value with size 32 to match size of target (1)
Warning (10230): Verilog HDL assignment warning at quid.v(44): truncated value with size 32 to match size of target (1)
Warning (10230): Verilog HDL assignment warning at quid.v(45): truncated value with size 32 to match size of target (1)
Warning (10230): Verilog HDL assignment warning at quid.v(47): truncated value with size 32 to match size of target (1)
Warning (10230): Verilog HDL assignment warning at quid.v(48): truncated value with size 32 to match size of target (1)
Warning (10230): Verilog HDL assignment warning at quid.v(91): truncated value with size 32 to match size of target (1)
Warning (10230): Verilog HDL assignment warning at quid.v(93): truncated value with size 32 to match size of target (1)
Warning (10230): Verilog HDL assignment warning at quid.v(95): truncated value with size 32 to match size of target (1)
Warning (10230): Verilog HDL assignment warning at quid.v(162): truncated value with size 32 to match size of target (1)
Warning (10230): Verilog HDL assignment warning at quid.v(163): truncated value with size 32 to match size of target (1)
Warning (10230): Verilog HDL assignment warning at quid.v(172): truncated value with size 32 to match size of target (8)
Warning (10230): Verilog HDL assignment warning at quid.v(173): truncated value with size 32 to match size of target (8)
Warning (10230): Verilog HDL assignment warning at quid.v(174): truncated value with size 32 to match size of target (8)
Info (12128): Elaborating entity "vga_initialize" for hierarchy "vga_initialize:mvga_initialize"
Warning (10230): Verilog HDL assignment warning at vga_initialize.v(45): truncated value with size 32 to match size of target (12)
Warning (10230): Verilog HDL assignment warning at vga_initialize.v(64): truncated value with size 32 to match size of target (12)
Warning (10230): Verilog HDL assignment warning at vga_initialize.v(75): truncated value with size 32 to match size of target (1)
Warning (10230): Verilog HDL assignment warning at vga_initialize.v(76): truncated value with size 32 to match size of target (1)
Warning (10230): Verilog HDL assignment warning at vga_initialize.v(77): truncated value with size 32 to match size of target (12)
Warning (10230): Verilog HDL assignment warning at vga_initialize.v(78): truncated value with size 32 to match size of target (12)
Info (12128): Elaborating entity "flip" for hierarchy "flip:m_flip"
Info (286030): Timing-Driven Synthesis is running
Info (144001): Generated suppressed messages file C:/Users/gokhanhalkman/Desktop/quid_modified/output_files/quid.map.smsg
Info (16010): Generating hard_block partition "hard_block:auto_generated_inst"
    Info (16011): Adding 0 node(s), including 0 DDIO, 0 PLL, 0 transceiver and 0 LCELL
Info (21057): Implemented 1209 device resources after synthesis - the final resource count might be different
    Info (21058): Implemented 4 input pins
    Info (21059): Implemented 27 output pins
    Info (21061): Implemented 1162 logic cells
    Info (21062): Implemented 16 DSP elements
Info: Quartus II 64-Bit Analysis & Synthesis was successful. 0 errors, 26 warnings
    Info: Peak virtual memory: 4717 megabytes
    Info: Processing ended: Sat May 25 13:29:17 2019
    Info: Elapsed time: 00:00:06
    Info: Total CPU time (on all processors): 00:00:05


+------------------------------------------+
; Analysis & Synthesis Suppressed Messages ;
+------------------------------------------+
The suppressed messages can be found in C:/Users/gokhanhalkman/Desktop/quid_modified/output_files/quid.map.smsg.


